#! /usr/local/bin/vvp
:ivl_version "10.2 (stable)" "(v10_2)";
:ivl_delay_selection "TYPICAL";
:vpi_time_precision + 0;
:vpi_module "system";
:vpi_module "vhdl_sys";
:vpi_module "v2005_math";
:vpi_module "va_math";
S_0x561b2faed910 .scope module, "mux32bitsel" "mux32bitsel" 2 3;
 .timescale 0 0;
    .port_info 0 /OUTPUT 32 "out"
    .port_info 1 /INPUT 1 "addr"
    .port_info 2 /INPUT 32 "input1"
    .port_info 3 /INPUT 32 "input2"
o0x7f9478732018 .functor BUFZ 1, C4<z>; HiZ drive
v0x561b2fb252c0_0 .net "addr", 0 0, o0x7f9478732018;  0 drivers
o0x7f9478734a48 .functor BUFZ 32, C4<zzzzzzzzzzzzzzzzzzzzzzzzzzzzzzzz>; HiZ drive
v0x561b2fb25790_0 .net "input1", 31 0, o0x7f9478734a48;  0 drivers
o0x7f9478734a78 .functor BUFZ 32, C4<zzzzzzzzzzzzzzzzzzzzzzzzzzzzzzzz>; HiZ drive
v0x561b2fb25870_0 .net "input2", 31 0, o0x7f9478734a78;  0 drivers
v0x561b2fb25930_0 .net "out", 31 0, L_0x561b2fb2afb0;  1 drivers
L_0x561b2fb25ac0 .part o0x7f9478734a48, 0, 1;
L_0x561b2fb25b90 .part o0x7f9478734a78, 0, 1;
L_0x561b2fb25c90 .part o0x7f9478734a48, 1, 1;
L_0x561b2fb25db0 .part o0x7f9478734a78, 1, 1;
L_0x561b2fb25ed0 .part o0x7f9478734a48, 2, 1;
L_0x561b2fb25f70 .part o0x7f9478734a78, 2, 1;
L_0x561b2fb26080 .part o0x7f9478734a48, 3, 1;
L_0x561b2fb26120 .part o0x7f9478734a78, 3, 1;
L_0x561b2fb26240 .part o0x7f9478734a48, 4, 1;
L_0x561b2fb26310 .part o0x7f9478734a78, 4, 1;
L_0x561b2fb26440 .part o0x7f9478734a48, 5, 1;
L_0x561b2fb26510 .part o0x7f9478734a78, 5, 1;
L_0x561b2fb26650 .part o0x7f9478734a48, 6, 1;
L_0x561b2fb26720 .part o0x7f9478734a78, 6, 1;
L_0x561b2fb26870 .part o0x7f9478734a48, 7, 1;
L_0x561b2fb26940 .part o0x7f9478734a78, 7, 1;
L_0x561b2fb26bb0 .part o0x7f9478734a48, 8, 1;
L_0x561b2fb26c80 .part o0x7f9478734a78, 8, 1;
L_0x561b2fb26df0 .part o0x7f9478734a48, 9, 1;
L_0x561b2fb26ec0 .part o0x7f9478734a78, 9, 1;
L_0x561b2fb26d50 .part o0x7f9478734a48, 10, 1;
L_0x561b2fb27070 .part o0x7f9478734a78, 10, 1;
L_0x561b2fb27200 .part o0x7f9478734a48, 11, 1;
L_0x561b2fb272d0 .part o0x7f9478734a78, 11, 1;
L_0x561b2fb27470 .part o0x7f9478734a48, 12, 1;
L_0x561b2fb27540 .part o0x7f9478734a78, 12, 1;
L_0x561b2fb276f0 .part o0x7f9478734a48, 13, 1;
L_0x561b2fb277c0 .part o0x7f9478734a78, 13, 1;
L_0x561b2fb27980 .part o0x7f9478734a48, 14, 1;
L_0x561b2fb27a50 .part o0x7f9478734a78, 14, 1;
L_0x561b2fb27c20 .part o0x7f9478734a48, 15, 1;
L_0x561b2fb27cf0 .part o0x7f9478734a78, 15, 1;
L_0x561b2fb280e0 .part o0x7f9478734a48, 16, 1;
L_0x561b2fb281b0 .part o0x7f9478734a78, 16, 1;
L_0x561b2fb283a0 .part o0x7f9478734a48, 17, 1;
L_0x561b2fb28470 .part o0x7f9478734a78, 17, 1;
L_0x561b2fb28280 .part o0x7f9478734a48, 18, 1;
L_0x561b2fb28670 .part o0x7f9478734a78, 18, 1;
L_0x561b2fb28850 .part o0x7f9478734a48, 19, 1;
L_0x561b2fb28920 .part o0x7f9478734a78, 19, 1;
L_0x561b2fb28b40 .part o0x7f9478734a48, 20, 1;
L_0x561b2fb28c10 .part o0x7f9478734a78, 20, 1;
L_0x561b2fb28e40 .part o0x7f9478734a48, 21, 1;
L_0x561b2fb28f10 .part o0x7f9478734a78, 21, 1;
L_0x561b2fb29150 .part o0x7f9478734a48, 22, 1;
L_0x561b2fb29220 .part o0x7f9478734a78, 22, 1;
L_0x561b2fb29470 .part o0x7f9478734a48, 23, 1;
L_0x561b2fb29540 .part o0x7f9478734a78, 23, 1;
L_0x561b2fb297a0 .part o0x7f9478734a48, 24, 1;
L_0x561b2fb29870 .part o0x7f9478734a78, 24, 1;
L_0x561b2fb29ae0 .part o0x7f9478734a48, 25, 1;
L_0x561b2fb29bb0 .part o0x7f9478734a78, 25, 1;
L_0x561b2fb29e30 .part o0x7f9478734a48, 26, 1;
L_0x561b2fb29f00 .part o0x7f9478734a78, 26, 1;
L_0x561b2fb2a190 .part o0x7f9478734a48, 27, 1;
L_0x561b2fb2a260 .part o0x7f9478734a78, 27, 1;
L_0x561b2fb2a500 .part o0x7f9478734a48, 28, 1;
L_0x561b2fb2a5d0 .part o0x7f9478734a78, 28, 1;
L_0x561b2fb2a880 .part o0x7f9478734a48, 29, 1;
L_0x561b2fb2a950 .part o0x7f9478734a78, 29, 1;
L_0x561b2fb2ac10 .part o0x7f9478734a48, 30, 1;
L_0x561b2fb2ace0 .part o0x7f9478734a78, 30, 1;
LS_0x561b2fb2afb0_0_0 .concat8 [ 1 1 1 1], v0x561b2fae0760_0, v0x561b2fb1cc30_0, v0x561b2fb216d0_0, v0x561b2fb230d0_0;
LS_0x561b2fb2afb0_0_4 .concat8 [ 1 1 1 1], v0x561b2fb23750_0, v0x561b2fb23dd0_0, v0x561b2fb24450_0, v0x561b2fb24ad0_0;
LS_0x561b2fb2afb0_0_8 .concat8 [ 1 1 1 1], v0x561b2fb25150_0, v0x561b2fb18d30_0, v0x561b2fb19300_0, v0x561b2fb198f0_0;
LS_0x561b2fb2afb0_0_12 .concat8 [ 1 1 1 1], v0x561b2fb19f00_0, v0x561b2fb1a4f0_0, v0x561b2fb1ab70_0, v0x561b2fb1b1f0_0;
LS_0x561b2fb2afb0_0_16 .concat8 [ 1 1 1 1], v0x561b2fb1b900_0, v0x561b2fb1bf30_0, v0x561b2fb1c5b0_0, v0x561b2fb1d2b0_0;
LS_0x561b2fb2afb0_0_20 .concat8 [ 1 1 1 1], v0x561b2fb1d930_0, v0x561b2fb1dfb0_0, v0x561b2fb1e630_0, v0x561b2fb1efd0_0;
LS_0x561b2fb2afb0_0_24 .concat8 [ 1 1 1 1], v0x561b2fb1f650_0, v0x561b2fb1fcd0_0, v0x561b2fb20350_0, v0x561b2fb209d0_0;
LS_0x561b2fb2afb0_0_28 .concat8 [ 1 1 1 1], v0x561b2fb21050_0, v0x561b2fb21d50_0, v0x561b2fb223d0_0, v0x561b2fb22a50_0;
LS_0x561b2fb2afb0_1_0 .concat8 [ 4 4 4 4], LS_0x561b2fb2afb0_0_0, LS_0x561b2fb2afb0_0_4, LS_0x561b2fb2afb0_0_8, LS_0x561b2fb2afb0_0_12;
LS_0x561b2fb2afb0_1_4 .concat8 [ 4 4 4 4], LS_0x561b2fb2afb0_0_16, LS_0x561b2fb2afb0_0_20, LS_0x561b2fb2afb0_0_24, LS_0x561b2fb2afb0_0_28;
L_0x561b2fb2afb0 .concat8 [ 16 16 0 0], LS_0x561b2fb2afb0_1_0, LS_0x561b2fb2afb0_1_4;
L_0x561b2fb2b680 .part o0x7f9478734a48, 31, 1;
L_0x561b2fb2bd70 .part o0x7f9478734a78, 31, 1;
S_0x561b2fae7920 .scope module, "mux2to11" "mux2to1" 2 10, 3 2 0, S_0x561b2faed910;
 .timescale 0 0;
    .port_info 0 /OUTPUT 1 "out"
    .port_info 1 /INPUT 1 "address"
    .port_info 2 /INPUT 1 "input1"
    .port_info 3 /INPUT 1 "input2"
v0x561b2fae40f0_0 .net "address", 0 0, o0x7f9478732018;  alias, 0 drivers
v0x561b2fae2dc0_0 .net "input1", 0 0, L_0x561b2fb25ac0;  1 drivers
v0x561b2fae1a90_0 .net "input2", 0 0, L_0x561b2fb25b90;  1 drivers
v0x561b2fae0760_0 .var "out", 0 0;
E_0x561b2fabb6f0 .event edge, v0x561b2fae40f0_0, v0x561b2fae2dc0_0, v0x561b2fae1a90_0;
S_0x561b2fb18a10 .scope module, "mux2to110" "mux2to1" 2 19, 3 2 0, S_0x561b2faed910;
 .timescale 0 0;
    .port_info 0 /OUTPUT 1 "out"
    .port_info 1 /INPUT 1 "address"
    .port_info 2 /INPUT 1 "input1"
    .port_info 3 /INPUT 1 "input2"
v0x561b2fadf430_0 .net "address", 0 0, o0x7f9478732018;  alias, 0 drivers
v0x561b2faddf30_0 .net "input1", 0 0, L_0x561b2fb26df0;  1 drivers
v0x561b2fb18c60_0 .net "input2", 0 0, L_0x561b2fb26ec0;  1 drivers
v0x561b2fb18d30_0 .var "out", 0 0;
E_0x561b2fa85980 .event edge, v0x561b2fae40f0_0, v0x561b2faddf30_0, v0x561b2fb18c60_0;
S_0x561b2fb18ea0 .scope module, "mux2to111" "mux2to1" 2 20, 3 2 0, S_0x561b2faed910;
 .timescale 0 0;
    .port_info 0 /OUTPUT 1 "out"
    .port_info 1 /INPUT 1 "address"
    .port_info 2 /INPUT 1 "input1"
    .port_info 3 /INPUT 1 "input2"
v0x561b2fb190e0_0 .net "address", 0 0, o0x7f9478732018;  alias, 0 drivers
v0x561b2fb191a0_0 .net "input1", 0 0, L_0x561b2fb26d50;  1 drivers
v0x561b2fb19260_0 .net "input2", 0 0, L_0x561b2fb27070;  1 drivers
v0x561b2fb19300_0 .var "out", 0 0;
E_0x561b2faba5f0 .event edge, v0x561b2fae40f0_0, v0x561b2fb191a0_0, v0x561b2fb19260_0;
S_0x561b2fb19470 .scope module, "mux2to112" "mux2to1" 2 21, 3 2 0, S_0x561b2faed910;
 .timescale 0 0;
    .port_info 0 /OUTPUT 1 "out"
    .port_info 1 /INPUT 1 "address"
    .port_info 2 /INPUT 1 "input1"
    .port_info 3 /INPUT 1 "input2"
v0x561b2fb196a0_0 .net "address", 0 0, o0x7f9478732018;  alias, 0 drivers
v0x561b2fb19760_0 .net "input1", 0 0, L_0x561b2fb27200;  1 drivers
v0x561b2fb19820_0 .net "input2", 0 0, L_0x561b2fb272d0;  1 drivers
v0x561b2fb198f0_0 .var "out", 0 0;
E_0x561b2fa85740 .event edge, v0x561b2fae40f0_0, v0x561b2fb19760_0, v0x561b2fb19820_0;
S_0x561b2fb19a60 .scope module, "mux2to113" "mux2to1" 2 22, 3 2 0, S_0x561b2faed910;
 .timescale 0 0;
    .port_info 0 /OUTPUT 1 "out"
    .port_info 1 /INPUT 1 "address"
    .port_info 2 /INPUT 1 "input1"
    .port_info 3 /INPUT 1 "input2"
v0x561b2fb19ce0_0 .net "address", 0 0, o0x7f9478732018;  alias, 0 drivers
v0x561b2fb19da0_0 .net "input1", 0 0, L_0x561b2fb27470;  1 drivers
v0x561b2fb19e60_0 .net "input2", 0 0, L_0x561b2fb27540;  1 drivers
v0x561b2fb19f00_0 .var "out", 0 0;
E_0x561b2faec7a0 .event edge, v0x561b2fae40f0_0, v0x561b2fb19da0_0, v0x561b2fb19e60_0;
S_0x561b2fb1a070 .scope module, "mux2to114" "mux2to1" 2 23, 3 2 0, S_0x561b2faed910;
 .timescale 0 0;
    .port_info 0 /OUTPUT 1 "out"
    .port_info 1 /INPUT 1 "address"
    .port_info 2 /INPUT 1 "input1"
    .port_info 3 /INPUT 1 "input2"
v0x561b2fb1a2a0_0 .net "address", 0 0, o0x7f9478732018;  alias, 0 drivers
v0x561b2fb1a360_0 .net "input1", 0 0, L_0x561b2fb276f0;  1 drivers
v0x561b2fb1a420_0 .net "input2", 0 0, L_0x561b2fb277c0;  1 drivers
v0x561b2fb1a4f0_0 .var "out", 0 0;
E_0x561b2fae6770 .event edge, v0x561b2fae40f0_0, v0x561b2fb1a360_0, v0x561b2fb1a420_0;
S_0x561b2fb1a660 .scope module, "mux2to115" "mux2to1" 2 24, 3 2 0, S_0x561b2faed910;
 .timescale 0 0;
    .port_info 0 /OUTPUT 1 "out"
    .port_info 1 /INPUT 1 "address"
    .port_info 2 /INPUT 1 "input1"
    .port_info 3 /INPUT 1 "input2"
v0x561b2fb1a920_0 .net "address", 0 0, o0x7f9478732018;  alias, 0 drivers
v0x561b2fb1a9e0_0 .net "input1", 0 0, L_0x561b2fb27980;  1 drivers
v0x561b2fb1aaa0_0 .net "input2", 0 0, L_0x561b2fb27a50;  1 drivers
v0x561b2fb1ab70_0 .var "out", 0 0;
E_0x561b2fb1a8a0 .event edge, v0x561b2fae40f0_0, v0x561b2fb1a9e0_0, v0x561b2fb1aaa0_0;
S_0x561b2fb1ace0 .scope module, "mux2to116" "mux2to1" 2 25, 3 2 0, S_0x561b2faed910;
 .timescale 0 0;
    .port_info 0 /OUTPUT 1 "out"
    .port_info 1 /INPUT 1 "address"
    .port_info 2 /INPUT 1 "input1"
    .port_info 3 /INPUT 1 "input2"
v0x561b2fb1afa0_0 .net "address", 0 0, o0x7f9478732018;  alias, 0 drivers
v0x561b2fb1b060_0 .net "input1", 0 0, L_0x561b2fb27c20;  1 drivers
v0x561b2fb1b120_0 .net "input2", 0 0, L_0x561b2fb27cf0;  1 drivers
v0x561b2fb1b1f0_0 .var "out", 0 0;
E_0x561b2fb1af20 .event edge, v0x561b2fae40f0_0, v0x561b2fb1b060_0, v0x561b2fb1b120_0;
S_0x561b2fb1b360 .scope module, "mux2to117" "mux2to1" 2 26, 3 2 0, S_0x561b2faed910;
 .timescale 0 0;
    .port_info 0 /OUTPUT 1 "out"
    .port_info 1 /INPUT 1 "address"
    .port_info 2 /INPUT 1 "input1"
    .port_info 3 /INPUT 1 "input2"
v0x561b2fb1b6b0_0 .net "address", 0 0, o0x7f9478732018;  alias, 0 drivers
v0x561b2fb1b770_0 .net "input1", 0 0, L_0x561b2fb280e0;  1 drivers
v0x561b2fb1b830_0 .net "input2", 0 0, L_0x561b2fb281b0;  1 drivers
v0x561b2fb1b900_0 .var "out", 0 0;
E_0x561b2fb1b630 .event edge, v0x561b2fae40f0_0, v0x561b2fb1b770_0, v0x561b2fb1b830_0;
S_0x561b2fb1ba70 .scope module, "mux2to118" "mux2to1" 2 27, 3 2 0, S_0x561b2faed910;
 .timescale 0 0;
    .port_info 0 /OUTPUT 1 "out"
    .port_info 1 /INPUT 1 "address"
    .port_info 2 /INPUT 1 "input1"
    .port_info 3 /INPUT 1 "input2"
v0x561b2fb1bce0_0 .net "address", 0 0, o0x7f9478732018;  alias, 0 drivers
v0x561b2fb1bda0_0 .net "input1", 0 0, L_0x561b2fb283a0;  1 drivers
v0x561b2fb1be60_0 .net "input2", 0 0, L_0x561b2fb28470;  1 drivers
v0x561b2fb1bf30_0 .var "out", 0 0;
E_0x561b2fb1bc60 .event edge, v0x561b2fae40f0_0, v0x561b2fb1bda0_0, v0x561b2fb1be60_0;
S_0x561b2fb1c0a0 .scope module, "mux2to119" "mux2to1" 2 28, 3 2 0, S_0x561b2faed910;
 .timescale 0 0;
    .port_info 0 /OUTPUT 1 "out"
    .port_info 1 /INPUT 1 "address"
    .port_info 2 /INPUT 1 "input1"
    .port_info 3 /INPUT 1 "input2"
v0x561b2fb1c360_0 .net "address", 0 0, o0x7f9478732018;  alias, 0 drivers
v0x561b2fb1c420_0 .net "input1", 0 0, L_0x561b2fb28280;  1 drivers
v0x561b2fb1c4e0_0 .net "input2", 0 0, L_0x561b2fb28670;  1 drivers
v0x561b2fb1c5b0_0 .var "out", 0 0;
E_0x561b2fb1c2e0 .event edge, v0x561b2fae40f0_0, v0x561b2fb1c420_0, v0x561b2fb1c4e0_0;
S_0x561b2fb1c720 .scope module, "mux2to12" "mux2to1" 2 11, 3 2 0, S_0x561b2faed910;
 .timescale 0 0;
    .port_info 0 /OUTPUT 1 "out"
    .port_info 1 /INPUT 1 "address"
    .port_info 2 /INPUT 1 "input1"
    .port_info 3 /INPUT 1 "input2"
v0x561b2fb1c9e0_0 .net "address", 0 0, o0x7f9478732018;  alias, 0 drivers
v0x561b2fb1caa0_0 .net "input1", 0 0, L_0x561b2fb25c90;  1 drivers
v0x561b2fb1cb60_0 .net "input2", 0 0, L_0x561b2fb25db0;  1 drivers
v0x561b2fb1cc30_0 .var "out", 0 0;
E_0x561b2fb1c960 .event edge, v0x561b2fae40f0_0, v0x561b2fb1caa0_0, v0x561b2fb1cb60_0;
S_0x561b2fb1cda0 .scope module, "mux2to120" "mux2to1" 2 29, 3 2 0, S_0x561b2faed910;
 .timescale 0 0;
    .port_info 0 /OUTPUT 1 "out"
    .port_info 1 /INPUT 1 "address"
    .port_info 2 /INPUT 1 "input1"
    .port_info 3 /INPUT 1 "input2"
v0x561b2fb1d060_0 .net "address", 0 0, o0x7f9478732018;  alias, 0 drivers
v0x561b2fb1d120_0 .net "input1", 0 0, L_0x561b2fb28850;  1 drivers
v0x561b2fb1d1e0_0 .net "input2", 0 0, L_0x561b2fb28920;  1 drivers
v0x561b2fb1d2b0_0 .var "out", 0 0;
E_0x561b2fb1cfe0 .event edge, v0x561b2fae40f0_0, v0x561b2fb1d120_0, v0x561b2fb1d1e0_0;
S_0x561b2fb1d420 .scope module, "mux2to121" "mux2to1" 2 30, 3 2 0, S_0x561b2faed910;
 .timescale 0 0;
    .port_info 0 /OUTPUT 1 "out"
    .port_info 1 /INPUT 1 "address"
    .port_info 2 /INPUT 1 "input1"
    .port_info 3 /INPUT 1 "input2"
v0x561b2fb1d6e0_0 .net "address", 0 0, o0x7f9478732018;  alias, 0 drivers
v0x561b2fb1d7a0_0 .net "input1", 0 0, L_0x561b2fb28b40;  1 drivers
v0x561b2fb1d860_0 .net "input2", 0 0, L_0x561b2fb28c10;  1 drivers
v0x561b2fb1d930_0 .var "out", 0 0;
E_0x561b2fb1d660 .event edge, v0x561b2fae40f0_0, v0x561b2fb1d7a0_0, v0x561b2fb1d860_0;
S_0x561b2fb1daa0 .scope module, "mux2to122" "mux2to1" 2 31, 3 2 0, S_0x561b2faed910;
 .timescale 0 0;
    .port_info 0 /OUTPUT 1 "out"
    .port_info 1 /INPUT 1 "address"
    .port_info 2 /INPUT 1 "input1"
    .port_info 3 /INPUT 1 "input2"
v0x561b2fb1dd60_0 .net "address", 0 0, o0x7f9478732018;  alias, 0 drivers
v0x561b2fb1de20_0 .net "input1", 0 0, L_0x561b2fb28e40;  1 drivers
v0x561b2fb1dee0_0 .net "input2", 0 0, L_0x561b2fb28f10;  1 drivers
v0x561b2fb1dfb0_0 .var "out", 0 0;
E_0x561b2fb1dce0 .event edge, v0x561b2fae40f0_0, v0x561b2fb1de20_0, v0x561b2fb1dee0_0;
S_0x561b2fb1e120 .scope module, "mux2to123" "mux2to1" 2 32, 3 2 0, S_0x561b2faed910;
 .timescale 0 0;
    .port_info 0 /OUTPUT 1 "out"
    .port_info 1 /INPUT 1 "address"
    .port_info 2 /INPUT 1 "input1"
    .port_info 3 /INPUT 1 "input2"
v0x561b2fb1e3e0_0 .net "address", 0 0, o0x7f9478732018;  alias, 0 drivers
v0x561b2fb1e4a0_0 .net "input1", 0 0, L_0x561b2fb29150;  1 drivers
v0x561b2fb1e560_0 .net "input2", 0 0, L_0x561b2fb29220;  1 drivers
v0x561b2fb1e630_0 .var "out", 0 0;
E_0x561b2fb1e360 .event edge, v0x561b2fae40f0_0, v0x561b2fb1e4a0_0, v0x561b2fb1e560_0;
S_0x561b2fb1e7a0 .scope module, "mux2to124" "mux2to1" 2 33, 3 2 0, S_0x561b2faed910;
 .timescale 0 0;
    .port_info 0 /OUTPUT 1 "out"
    .port_info 1 /INPUT 1 "address"
    .port_info 2 /INPUT 1 "input1"
    .port_info 3 /INPUT 1 "input2"
v0x561b2fb1eb70_0 .net "address", 0 0, o0x7f9478732018;  alias, 0 drivers
v0x561b2fb1ee40_0 .net "input1", 0 0, L_0x561b2fb29470;  1 drivers
v0x561b2fb1ef00_0 .net "input2", 0 0, L_0x561b2fb29540;  1 drivers
v0x561b2fb1efd0_0 .var "out", 0 0;
E_0x561b2fb1eaf0 .event edge, v0x561b2fae40f0_0, v0x561b2fb1ee40_0, v0x561b2fb1ef00_0;
S_0x561b2fb1f140 .scope module, "mux2to125" "mux2to1" 2 34, 3 2 0, S_0x561b2faed910;
 .timescale 0 0;
    .port_info 0 /OUTPUT 1 "out"
    .port_info 1 /INPUT 1 "address"
    .port_info 2 /INPUT 1 "input1"
    .port_info 3 /INPUT 1 "input2"
v0x561b2fb1f400_0 .net "address", 0 0, o0x7f9478732018;  alias, 0 drivers
v0x561b2fb1f4c0_0 .net "input1", 0 0, L_0x561b2fb297a0;  1 drivers
v0x561b2fb1f580_0 .net "input2", 0 0, L_0x561b2fb29870;  1 drivers
v0x561b2fb1f650_0 .var "out", 0 0;
E_0x561b2fb1f380 .event edge, v0x561b2fae40f0_0, v0x561b2fb1f4c0_0, v0x561b2fb1f580_0;
S_0x561b2fb1f7c0 .scope module, "mux2to126" "mux2to1" 2 35, 3 2 0, S_0x561b2faed910;
 .timescale 0 0;
    .port_info 0 /OUTPUT 1 "out"
    .port_info 1 /INPUT 1 "address"
    .port_info 2 /INPUT 1 "input1"
    .port_info 3 /INPUT 1 "input2"
v0x561b2fb1fa80_0 .net "address", 0 0, o0x7f9478732018;  alias, 0 drivers
v0x561b2fb1fb40_0 .net "input1", 0 0, L_0x561b2fb29ae0;  1 drivers
v0x561b2fb1fc00_0 .net "input2", 0 0, L_0x561b2fb29bb0;  1 drivers
v0x561b2fb1fcd0_0 .var "out", 0 0;
E_0x561b2fb1fa00 .event edge, v0x561b2fae40f0_0, v0x561b2fb1fb40_0, v0x561b2fb1fc00_0;
S_0x561b2fb1fe40 .scope module, "mux2to127" "mux2to1" 2 36, 3 2 0, S_0x561b2faed910;
 .timescale 0 0;
    .port_info 0 /OUTPUT 1 "out"
    .port_info 1 /INPUT 1 "address"
    .port_info 2 /INPUT 1 "input1"
    .port_info 3 /INPUT 1 "input2"
v0x561b2fb20100_0 .net "address", 0 0, o0x7f9478732018;  alias, 0 drivers
v0x561b2fb201c0_0 .net "input1", 0 0, L_0x561b2fb29e30;  1 drivers
v0x561b2fb20280_0 .net "input2", 0 0, L_0x561b2fb29f00;  1 drivers
v0x561b2fb20350_0 .var "out", 0 0;
E_0x561b2fb20080 .event edge, v0x561b2fae40f0_0, v0x561b2fb201c0_0, v0x561b2fb20280_0;
S_0x561b2fb204c0 .scope module, "mux2to128" "mux2to1" 2 37, 3 2 0, S_0x561b2faed910;
 .timescale 0 0;
    .port_info 0 /OUTPUT 1 "out"
    .port_info 1 /INPUT 1 "address"
    .port_info 2 /INPUT 1 "input1"
    .port_info 3 /INPUT 1 "input2"
v0x561b2fb20780_0 .net "address", 0 0, o0x7f9478732018;  alias, 0 drivers
v0x561b2fb20840_0 .net "input1", 0 0, L_0x561b2fb2a190;  1 drivers
v0x561b2fb20900_0 .net "input2", 0 0, L_0x561b2fb2a260;  1 drivers
v0x561b2fb209d0_0 .var "out", 0 0;
E_0x561b2fb20700 .event edge, v0x561b2fae40f0_0, v0x561b2fb20840_0, v0x561b2fb20900_0;
S_0x561b2fb20b40 .scope module, "mux2to129" "mux2to1" 2 38, 3 2 0, S_0x561b2faed910;
 .timescale 0 0;
    .port_info 0 /OUTPUT 1 "out"
    .port_info 1 /INPUT 1 "address"
    .port_info 2 /INPUT 1 "input1"
    .port_info 3 /INPUT 1 "input2"
v0x561b2fb20e00_0 .net "address", 0 0, o0x7f9478732018;  alias, 0 drivers
v0x561b2fb20ec0_0 .net "input1", 0 0, L_0x561b2fb2a500;  1 drivers
v0x561b2fb20f80_0 .net "input2", 0 0, L_0x561b2fb2a5d0;  1 drivers
v0x561b2fb21050_0 .var "out", 0 0;
E_0x561b2fb20d80 .event edge, v0x561b2fae40f0_0, v0x561b2fb20ec0_0, v0x561b2fb20f80_0;
S_0x561b2fb211c0 .scope module, "mux2to13" "mux2to1" 2 12, 3 2 0, S_0x561b2faed910;
 .timescale 0 0;
    .port_info 0 /OUTPUT 1 "out"
    .port_info 1 /INPUT 1 "address"
    .port_info 2 /INPUT 1 "input1"
    .port_info 3 /INPUT 1 "input2"
v0x561b2fb21480_0 .net "address", 0 0, o0x7f9478732018;  alias, 0 drivers
v0x561b2fb21540_0 .net "input1", 0 0, L_0x561b2fb25ed0;  1 drivers
v0x561b2fb21600_0 .net "input2", 0 0, L_0x561b2fb25f70;  1 drivers
v0x561b2fb216d0_0 .var "out", 0 0;
E_0x561b2fb21400 .event edge, v0x561b2fae40f0_0, v0x561b2fb21540_0, v0x561b2fb21600_0;
S_0x561b2fb21840 .scope module, "mux2to130" "mux2to1" 2 39, 3 2 0, S_0x561b2faed910;
 .timescale 0 0;
    .port_info 0 /OUTPUT 1 "out"
    .port_info 1 /INPUT 1 "address"
    .port_info 2 /INPUT 1 "input1"
    .port_info 3 /INPUT 1 "input2"
v0x561b2fb21b00_0 .net "address", 0 0, o0x7f9478732018;  alias, 0 drivers
v0x561b2fb21bc0_0 .net "input1", 0 0, L_0x561b2fb2a880;  1 drivers
v0x561b2fb21c80_0 .net "input2", 0 0, L_0x561b2fb2a950;  1 drivers
v0x561b2fb21d50_0 .var "out", 0 0;
E_0x561b2fb21a80 .event edge, v0x561b2fae40f0_0, v0x561b2fb21bc0_0, v0x561b2fb21c80_0;
S_0x561b2fb21ec0 .scope module, "mux2to131" "mux2to1" 2 40, 3 2 0, S_0x561b2faed910;
 .timescale 0 0;
    .port_info 0 /OUTPUT 1 "out"
    .port_info 1 /INPUT 1 "address"
    .port_info 2 /INPUT 1 "input1"
    .port_info 3 /INPUT 1 "input2"
v0x561b2fb22180_0 .net "address", 0 0, o0x7f9478732018;  alias, 0 drivers
v0x561b2fb22240_0 .net "input1", 0 0, L_0x561b2fb2ac10;  1 drivers
v0x561b2fb22300_0 .net "input2", 0 0, L_0x561b2fb2ace0;  1 drivers
v0x561b2fb223d0_0 .var "out", 0 0;
E_0x561b2fb22100 .event edge, v0x561b2fae40f0_0, v0x561b2fb22240_0, v0x561b2fb22300_0;
S_0x561b2fb22540 .scope module, "mux2to132" "mux2to1" 2 41, 3 2 0, S_0x561b2faed910;
 .timescale 0 0;
    .port_info 0 /OUTPUT 1 "out"
    .port_info 1 /INPUT 1 "address"
    .port_info 2 /INPUT 1 "input1"
    .port_info 3 /INPUT 1 "input2"
v0x561b2fb22800_0 .net "address", 0 0, o0x7f9478732018;  alias, 0 drivers
v0x561b2fb228c0_0 .net "input1", 0 0, L_0x561b2fb2b680;  1 drivers
v0x561b2fb22980_0 .net "input2", 0 0, L_0x561b2fb2bd70;  1 drivers
v0x561b2fb22a50_0 .var "out", 0 0;
E_0x561b2fb22780 .event edge, v0x561b2fae40f0_0, v0x561b2fb228c0_0, v0x561b2fb22980_0;
S_0x561b2fb22bc0 .scope module, "mux2to14" "mux2to1" 2 13, 3 2 0, S_0x561b2faed910;
 .timescale 0 0;
    .port_info 0 /OUTPUT 1 "out"
    .port_info 1 /INPUT 1 "address"
    .port_info 2 /INPUT 1 "input1"
    .port_info 3 /INPUT 1 "input2"
v0x561b2fb22e80_0 .net "address", 0 0, o0x7f9478732018;  alias, 0 drivers
v0x561b2fb22f40_0 .net "input1", 0 0, L_0x561b2fb26080;  1 drivers
v0x561b2fb23000_0 .net "input2", 0 0, L_0x561b2fb26120;  1 drivers
v0x561b2fb230d0_0 .var "out", 0 0;
E_0x561b2fb22e00 .event edge, v0x561b2fae40f0_0, v0x561b2fb22f40_0, v0x561b2fb23000_0;
S_0x561b2fb23240 .scope module, "mux2to15" "mux2to1" 2 14, 3 2 0, S_0x561b2faed910;
 .timescale 0 0;
    .port_info 0 /OUTPUT 1 "out"
    .port_info 1 /INPUT 1 "address"
    .port_info 2 /INPUT 1 "input1"
    .port_info 3 /INPUT 1 "input2"
v0x561b2fb23500_0 .net "address", 0 0, o0x7f9478732018;  alias, 0 drivers
v0x561b2fb235c0_0 .net "input1", 0 0, L_0x561b2fb26240;  1 drivers
v0x561b2fb23680_0 .net "input2", 0 0, L_0x561b2fb26310;  1 drivers
v0x561b2fb23750_0 .var "out", 0 0;
E_0x561b2fb23480 .event edge, v0x561b2fae40f0_0, v0x561b2fb235c0_0, v0x561b2fb23680_0;
S_0x561b2fb238c0 .scope module, "mux2to16" "mux2to1" 2 15, 3 2 0, S_0x561b2faed910;
 .timescale 0 0;
    .port_info 0 /OUTPUT 1 "out"
    .port_info 1 /INPUT 1 "address"
    .port_info 2 /INPUT 1 "input1"
    .port_info 3 /INPUT 1 "input2"
v0x561b2fb23b80_0 .net "address", 0 0, o0x7f9478732018;  alias, 0 drivers
v0x561b2fb23c40_0 .net "input1", 0 0, L_0x561b2fb26440;  1 drivers
v0x561b2fb23d00_0 .net "input2", 0 0, L_0x561b2fb26510;  1 drivers
v0x561b2fb23dd0_0 .var "out", 0 0;
E_0x561b2fb23b00 .event edge, v0x561b2fae40f0_0, v0x561b2fb23c40_0, v0x561b2fb23d00_0;
S_0x561b2fb23f40 .scope module, "mux2to17" "mux2to1" 2 16, 3 2 0, S_0x561b2faed910;
 .timescale 0 0;
    .port_info 0 /OUTPUT 1 "out"
    .port_info 1 /INPUT 1 "address"
    .port_info 2 /INPUT 1 "input1"
    .port_info 3 /INPUT 1 "input2"
v0x561b2fb24200_0 .net "address", 0 0, o0x7f9478732018;  alias, 0 drivers
v0x561b2fb242c0_0 .net "input1", 0 0, L_0x561b2fb26650;  1 drivers
v0x561b2fb24380_0 .net "input2", 0 0, L_0x561b2fb26720;  1 drivers
v0x561b2fb24450_0 .var "out", 0 0;
E_0x561b2fb24180 .event edge, v0x561b2fae40f0_0, v0x561b2fb242c0_0, v0x561b2fb24380_0;
S_0x561b2fb245c0 .scope module, "mux2to18" "mux2to1" 2 17, 3 2 0, S_0x561b2faed910;
 .timescale 0 0;
    .port_info 0 /OUTPUT 1 "out"
    .port_info 1 /INPUT 1 "address"
    .port_info 2 /INPUT 1 "input1"
    .port_info 3 /INPUT 1 "input2"
v0x561b2fb24880_0 .net "address", 0 0, o0x7f9478732018;  alias, 0 drivers
v0x561b2fb24940_0 .net "input1", 0 0, L_0x561b2fb26870;  1 drivers
v0x561b2fb24a00_0 .net "input2", 0 0, L_0x561b2fb26940;  1 drivers
v0x561b2fb24ad0_0 .var "out", 0 0;
E_0x561b2fb24800 .event edge, v0x561b2fae40f0_0, v0x561b2fb24940_0, v0x561b2fb24a00_0;
S_0x561b2fb24c40 .scope module, "mux2to19" "mux2to1" 2 18, 3 2 0, S_0x561b2faed910;
 .timescale 0 0;
    .port_info 0 /OUTPUT 1 "out"
    .port_info 1 /INPUT 1 "address"
    .port_info 2 /INPUT 1 "input1"
    .port_info 3 /INPUT 1 "input2"
v0x561b2fb24f00_0 .net "address", 0 0, o0x7f9478732018;  alias, 0 drivers
v0x561b2fb24fc0_0 .net "input1", 0 0, L_0x561b2fb26bb0;  1 drivers
v0x561b2fb25080_0 .net "input2", 0 0, L_0x561b2fb26c80;  1 drivers
v0x561b2fb25150_0 .var "out", 0 0;
E_0x561b2fb24e80 .event edge, v0x561b2fae40f0_0, v0x561b2fb24fc0_0, v0x561b2fb25080_0;
    .scope S_0x561b2fae7920;
T_0 ;
    %wait E_0x561b2fabb6f0;
    %load/vec4 v0x561b2fae40f0_0;
    %pad/u 32;
    %cmpi/e 0, 0, 32;
    %jmp/0xz  T_0.0, 4;
    %load/vec4 v0x561b2fae2dc0_0;
    %assign/vec4 v0x561b2fae0760_0, 0;
    %jmp T_0.1;
T_0.0 ;
    %load/vec4 v0x561b2fae1a90_0;
    %assign/vec4 v0x561b2fae0760_0, 0;
T_0.1 ;
    %jmp T_0;
    .thread T_0, $push;
    .scope S_0x561b2fb1c720;
T_1 ;
    %wait E_0x561b2fb1c960;
    %load/vec4 v0x561b2fb1c9e0_0;
    %pad/u 32;
    %cmpi/e 0, 0, 32;
    %jmp/0xz  T_1.0, 4;
    %load/vec4 v0x561b2fb1caa0_0;
    %assign/vec4 v0x561b2fb1cc30_0, 0;
    %jmp T_1.1;
T_1.0 ;
    %load/vec4 v0x561b2fb1cb60_0;
    %assign/vec4 v0x561b2fb1cc30_0, 0;
T_1.1 ;
    %jmp T_1;
    .thread T_1, $push;
    .scope S_0x561b2fb211c0;
T_2 ;
    %wait E_0x561b2fb21400;
    %load/vec4 v0x561b2fb21480_0;
    %pad/u 32;
    %cmpi/e 0, 0, 32;
    %jmp/0xz  T_2.0, 4;
    %load/vec4 v0x561b2fb21540_0;
    %assign/vec4 v0x561b2fb216d0_0, 0;
    %jmp T_2.1;
T_2.0 ;
    %load/vec4 v0x561b2fb21600_0;
    %assign/vec4 v0x561b2fb216d0_0, 0;
T_2.1 ;
    %jmp T_2;
    .thread T_2, $push;
    .scope S_0x561b2fb22bc0;
T_3 ;
    %wait E_0x561b2fb22e00;
    %load/vec4 v0x561b2fb22e80_0;
    %pad/u 32;
    %cmpi/e 0, 0, 32;
    %jmp/0xz  T_3.0, 4;
    %load/vec4 v0x561b2fb22f40_0;
    %assign/vec4 v0x561b2fb230d0_0, 0;
    %jmp T_3.1;
T_3.0 ;
    %load/vec4 v0x561b2fb23000_0;
    %assign/vec4 v0x561b2fb230d0_0, 0;
T_3.1 ;
    %jmp T_3;
    .thread T_3, $push;
    .scope S_0x561b2fb23240;
T_4 ;
    %wait E_0x561b2fb23480;
    %load/vec4 v0x561b2fb23500_0;
    %pad/u 32;
    %cmpi/e 0, 0, 32;
    %jmp/0xz  T_4.0, 4;
    %load/vec4 v0x561b2fb235c0_0;
    %assign/vec4 v0x561b2fb23750_0, 0;
    %jmp T_4.1;
T_4.0 ;
    %load/vec4 v0x561b2fb23680_0;
    %assign/vec4 v0x561b2fb23750_0, 0;
T_4.1 ;
    %jmp T_4;
    .thread T_4, $push;
    .scope S_0x561b2fb238c0;
T_5 ;
    %wait E_0x561b2fb23b00;
    %load/vec4 v0x561b2fb23b80_0;
    %pad/u 32;
    %cmpi/e 0, 0, 32;
    %jmp/0xz  T_5.0, 4;
    %load/vec4 v0x561b2fb23c40_0;
    %assign/vec4 v0x561b2fb23dd0_0, 0;
    %jmp T_5.1;
T_5.0 ;
    %load/vec4 v0x561b2fb23d00_0;
    %assign/vec4 v0x561b2fb23dd0_0, 0;
T_5.1 ;
    %jmp T_5;
    .thread T_5, $push;
    .scope S_0x561b2fb23f40;
T_6 ;
    %wait E_0x561b2fb24180;
    %load/vec4 v0x561b2fb24200_0;
    %pad/u 32;
    %cmpi/e 0, 0, 32;
    %jmp/0xz  T_6.0, 4;
    %load/vec4 v0x561b2fb242c0_0;
    %assign/vec4 v0x561b2fb24450_0, 0;
    %jmp T_6.1;
T_6.0 ;
    %load/vec4 v0x561b2fb24380_0;
    %assign/vec4 v0x561b2fb24450_0, 0;
T_6.1 ;
    %jmp T_6;
    .thread T_6, $push;
    .scope S_0x561b2fb245c0;
T_7 ;
    %wait E_0x561b2fb24800;
    %load/vec4 v0x561b2fb24880_0;
    %pad/u 32;
    %cmpi/e 0, 0, 32;
    %jmp/0xz  T_7.0, 4;
    %load/vec4 v0x561b2fb24940_0;
    %assign/vec4 v0x561b2fb24ad0_0, 0;
    %jmp T_7.1;
T_7.0 ;
    %load/vec4 v0x561b2fb24a00_0;
    %assign/vec4 v0x561b2fb24ad0_0, 0;
T_7.1 ;
    %jmp T_7;
    .thread T_7, $push;
    .scope S_0x561b2fb24c40;
T_8 ;
    %wait E_0x561b2fb24e80;
    %load/vec4 v0x561b2fb24f00_0;
    %pad/u 32;
    %cmpi/e 0, 0, 32;
    %jmp/0xz  T_8.0, 4;
    %load/vec4 v0x561b2fb24fc0_0;
    %assign/vec4 v0x561b2fb25150_0, 0;
    %jmp T_8.1;
T_8.0 ;
    %load/vec4 v0x561b2fb25080_0;
    %assign/vec4 v0x561b2fb25150_0, 0;
T_8.1 ;
    %jmp T_8;
    .thread T_8, $push;
    .scope S_0x561b2fb18a10;
T_9 ;
    %wait E_0x561b2fa85980;
    %load/vec4 v0x561b2fadf430_0;
    %pad/u 32;
    %cmpi/e 0, 0, 32;
    %jmp/0xz  T_9.0, 4;
    %load/vec4 v0x561b2faddf30_0;
    %assign/vec4 v0x561b2fb18d30_0, 0;
    %jmp T_9.1;
T_9.0 ;
    %load/vec4 v0x561b2fb18c60_0;
    %assign/vec4 v0x561b2fb18d30_0, 0;
T_9.1 ;
    %jmp T_9;
    .thread T_9, $push;
    .scope S_0x561b2fb18ea0;
T_10 ;
    %wait E_0x561b2faba5f0;
    %load/vec4 v0x561b2fb190e0_0;
    %pad/u 32;
    %cmpi/e 0, 0, 32;
    %jmp/0xz  T_10.0, 4;
    %load/vec4 v0x561b2fb191a0_0;
    %assign/vec4 v0x561b2fb19300_0, 0;
    %jmp T_10.1;
T_10.0 ;
    %load/vec4 v0x561b2fb19260_0;
    %assign/vec4 v0x561b2fb19300_0, 0;
T_10.1 ;
    %jmp T_10;
    .thread T_10, $push;
    .scope S_0x561b2fb19470;
T_11 ;
    %wait E_0x561b2fa85740;
    %load/vec4 v0x561b2fb196a0_0;
    %pad/u 32;
    %cmpi/e 0, 0, 32;
    %jmp/0xz  T_11.0, 4;
    %load/vec4 v0x561b2fb19760_0;
    %assign/vec4 v0x561b2fb198f0_0, 0;
    %jmp T_11.1;
T_11.0 ;
    %load/vec4 v0x561b2fb19820_0;
    %assign/vec4 v0x561b2fb198f0_0, 0;
T_11.1 ;
    %jmp T_11;
    .thread T_11, $push;
    .scope S_0x561b2fb19a60;
T_12 ;
    %wait E_0x561b2faec7a0;
    %load/vec4 v0x561b2fb19ce0_0;
    %pad/u 32;
    %cmpi/e 0, 0, 32;
    %jmp/0xz  T_12.0, 4;
    %load/vec4 v0x561b2fb19da0_0;
    %assign/vec4 v0x561b2fb19f00_0, 0;
    %jmp T_12.1;
T_12.0 ;
    %load/vec4 v0x561b2fb19e60_0;
    %assign/vec4 v0x561b2fb19f00_0, 0;
T_12.1 ;
    %jmp T_12;
    .thread T_12, $push;
    .scope S_0x561b2fb1a070;
T_13 ;
    %wait E_0x561b2fae6770;
    %load/vec4 v0x561b2fb1a2a0_0;
    %pad/u 32;
    %cmpi/e 0, 0, 32;
    %jmp/0xz  T_13.0, 4;
    %load/vec4 v0x561b2fb1a360_0;
    %assign/vec4 v0x561b2fb1a4f0_0, 0;
    %jmp T_13.1;
T_13.0 ;
    %load/vec4 v0x561b2fb1a420_0;
    %assign/vec4 v0x561b2fb1a4f0_0, 0;
T_13.1 ;
    %jmp T_13;
    .thread T_13, $push;
    .scope S_0x561b2fb1a660;
T_14 ;
    %wait E_0x561b2fb1a8a0;
    %load/vec4 v0x561b2fb1a920_0;
    %pad/u 32;
    %cmpi/e 0, 0, 32;
    %jmp/0xz  T_14.0, 4;
    %load/vec4 v0x561b2fb1a9e0_0;
    %assign/vec4 v0x561b2fb1ab70_0, 0;
    %jmp T_14.1;
T_14.0 ;
    %load/vec4 v0x561b2fb1aaa0_0;
    %assign/vec4 v0x561b2fb1ab70_0, 0;
T_14.1 ;
    %jmp T_14;
    .thread T_14, $push;
    .scope S_0x561b2fb1ace0;
T_15 ;
    %wait E_0x561b2fb1af20;
    %load/vec4 v0x561b2fb1afa0_0;
    %pad/u 32;
    %cmpi/e 0, 0, 32;
    %jmp/0xz  T_15.0, 4;
    %load/vec4 v0x561b2fb1b060_0;
    %assign/vec4 v0x561b2fb1b1f0_0, 0;
    %jmp T_15.1;
T_15.0 ;
    %load/vec4 v0x561b2fb1b120_0;
    %assign/vec4 v0x561b2fb1b1f0_0, 0;
T_15.1 ;
    %jmp T_15;
    .thread T_15, $push;
    .scope S_0x561b2fb1b360;
T_16 ;
    %wait E_0x561b2fb1b630;
    %load/vec4 v0x561b2fb1b6b0_0;
    %pad/u 32;
    %cmpi/e 0, 0, 32;
    %jmp/0xz  T_16.0, 4;
    %load/vec4 v0x561b2fb1b770_0;
    %assign/vec4 v0x561b2fb1b900_0, 0;
    %jmp T_16.1;
T_16.0 ;
    %load/vec4 v0x561b2fb1b830_0;
    %assign/vec4 v0x561b2fb1b900_0, 0;
T_16.1 ;
    %jmp T_16;
    .thread T_16, $push;
    .scope S_0x561b2fb1ba70;
T_17 ;
    %wait E_0x561b2fb1bc60;
    %load/vec4 v0x561b2fb1bce0_0;
    %pad/u 32;
    %cmpi/e 0, 0, 32;
    %jmp/0xz  T_17.0, 4;
    %load/vec4 v0x561b2fb1bda0_0;
    %assign/vec4 v0x561b2fb1bf30_0, 0;
    %jmp T_17.1;
T_17.0 ;
    %load/vec4 v0x561b2fb1be60_0;
    %assign/vec4 v0x561b2fb1bf30_0, 0;
T_17.1 ;
    %jmp T_17;
    .thread T_17, $push;
    .scope S_0x561b2fb1c0a0;
T_18 ;
    %wait E_0x561b2fb1c2e0;
    %load/vec4 v0x561b2fb1c360_0;
    %pad/u 32;
    %cmpi/e 0, 0, 32;
    %jmp/0xz  T_18.0, 4;
    %load/vec4 v0x561b2fb1c420_0;
    %assign/vec4 v0x561b2fb1c5b0_0, 0;
    %jmp T_18.1;
T_18.0 ;
    %load/vec4 v0x561b2fb1c4e0_0;
    %assign/vec4 v0x561b2fb1c5b0_0, 0;
T_18.1 ;
    %jmp T_18;
    .thread T_18, $push;
    .scope S_0x561b2fb1cda0;
T_19 ;
    %wait E_0x561b2fb1cfe0;
    %load/vec4 v0x561b2fb1d060_0;
    %pad/u 32;
    %cmpi/e 0, 0, 32;
    %jmp/0xz  T_19.0, 4;
    %load/vec4 v0x561b2fb1d120_0;
    %assign/vec4 v0x561b2fb1d2b0_0, 0;
    %jmp T_19.1;
T_19.0 ;
    %load/vec4 v0x561b2fb1d1e0_0;
    %assign/vec4 v0x561b2fb1d2b0_0, 0;
T_19.1 ;
    %jmp T_19;
    .thread T_19, $push;
    .scope S_0x561b2fb1d420;
T_20 ;
    %wait E_0x561b2fb1d660;
    %load/vec4 v0x561b2fb1d6e0_0;
    %pad/u 32;
    %cmpi/e 0, 0, 32;
    %jmp/0xz  T_20.0, 4;
    %load/vec4 v0x561b2fb1d7a0_0;
    %assign/vec4 v0x561b2fb1d930_0, 0;
    %jmp T_20.1;
T_20.0 ;
    %load/vec4 v0x561b2fb1d860_0;
    %assign/vec4 v0x561b2fb1d930_0, 0;
T_20.1 ;
    %jmp T_20;
    .thread T_20, $push;
    .scope S_0x561b2fb1daa0;
T_21 ;
    %wait E_0x561b2fb1dce0;
    %load/vec4 v0x561b2fb1dd60_0;
    %pad/u 32;
    %cmpi/e 0, 0, 32;
    %jmp/0xz  T_21.0, 4;
    %load/vec4 v0x561b2fb1de20_0;
    %assign/vec4 v0x561b2fb1dfb0_0, 0;
    %jmp T_21.1;
T_21.0 ;
    %load/vec4 v0x561b2fb1dee0_0;
    %assign/vec4 v0x561b2fb1dfb0_0, 0;
T_21.1 ;
    %jmp T_21;
    .thread T_21, $push;
    .scope S_0x561b2fb1e120;
T_22 ;
    %wait E_0x561b2fb1e360;
    %load/vec4 v0x561b2fb1e3e0_0;
    %pad/u 32;
    %cmpi/e 0, 0, 32;
    %jmp/0xz  T_22.0, 4;
    %load/vec4 v0x561b2fb1e4a0_0;
    %assign/vec4 v0x561b2fb1e630_0, 0;
    %jmp T_22.1;
T_22.0 ;
    %load/vec4 v0x561b2fb1e560_0;
    %assign/vec4 v0x561b2fb1e630_0, 0;
T_22.1 ;
    %jmp T_22;
    .thread T_22, $push;
    .scope S_0x561b2fb1e7a0;
T_23 ;
    %wait E_0x561b2fb1eaf0;
    %load/vec4 v0x561b2fb1eb70_0;
    %pad/u 32;
    %cmpi/e 0, 0, 32;
    %jmp/0xz  T_23.0, 4;
    %load/vec4 v0x561b2fb1ee40_0;
    %assign/vec4 v0x561b2fb1efd0_0, 0;
    %jmp T_23.1;
T_23.0 ;
    %load/vec4 v0x561b2fb1ef00_0;
    %assign/vec4 v0x561b2fb1efd0_0, 0;
T_23.1 ;
    %jmp T_23;
    .thread T_23, $push;
    .scope S_0x561b2fb1f140;
T_24 ;
    %wait E_0x561b2fb1f380;
    %load/vec4 v0x561b2fb1f400_0;
    %pad/u 32;
    %cmpi/e 0, 0, 32;
    %jmp/0xz  T_24.0, 4;
    %load/vec4 v0x561b2fb1f4c0_0;
    %assign/vec4 v0x561b2fb1f650_0, 0;
    %jmp T_24.1;
T_24.0 ;
    %load/vec4 v0x561b2fb1f580_0;
    %assign/vec4 v0x561b2fb1f650_0, 0;
T_24.1 ;
    %jmp T_24;
    .thread T_24, $push;
    .scope S_0x561b2fb1f7c0;
T_25 ;
    %wait E_0x561b2fb1fa00;
    %load/vec4 v0x561b2fb1fa80_0;
    %pad/u 32;
    %cmpi/e 0, 0, 32;
    %jmp/0xz  T_25.0, 4;
    %load/vec4 v0x561b2fb1fb40_0;
    %assign/vec4 v0x561b2fb1fcd0_0, 0;
    %jmp T_25.1;
T_25.0 ;
    %load/vec4 v0x561b2fb1fc00_0;
    %assign/vec4 v0x561b2fb1fcd0_0, 0;
T_25.1 ;
    %jmp T_25;
    .thread T_25, $push;
    .scope S_0x561b2fb1fe40;
T_26 ;
    %wait E_0x561b2fb20080;
    %load/vec4 v0x561b2fb20100_0;
    %pad/u 32;
    %cmpi/e 0, 0, 32;
    %jmp/0xz  T_26.0, 4;
    %load/vec4 v0x561b2fb201c0_0;
    %assign/vec4 v0x561b2fb20350_0, 0;
    %jmp T_26.1;
T_26.0 ;
    %load/vec4 v0x561b2fb20280_0;
    %assign/vec4 v0x561b2fb20350_0, 0;
T_26.1 ;
    %jmp T_26;
    .thread T_26, $push;
    .scope S_0x561b2fb204c0;
T_27 ;
    %wait E_0x561b2fb20700;
    %load/vec4 v0x561b2fb20780_0;
    %pad/u 32;
    %cmpi/e 0, 0, 32;
    %jmp/0xz  T_27.0, 4;
    %load/vec4 v0x561b2fb20840_0;
    %assign/vec4 v0x561b2fb209d0_0, 0;
    %jmp T_27.1;
T_27.0 ;
    %load/vec4 v0x561b2fb20900_0;
    %assign/vec4 v0x561b2fb209d0_0, 0;
T_27.1 ;
    %jmp T_27;
    .thread T_27, $push;
    .scope S_0x561b2fb20b40;
T_28 ;
    %wait E_0x561b2fb20d80;
    %load/vec4 v0x561b2fb20e00_0;
    %pad/u 32;
    %cmpi/e 0, 0, 32;
    %jmp/0xz  T_28.0, 4;
    %load/vec4 v0x561b2fb20ec0_0;
    %assign/vec4 v0x561b2fb21050_0, 0;
    %jmp T_28.1;
T_28.0 ;
    %load/vec4 v0x561b2fb20f80_0;
    %assign/vec4 v0x561b2fb21050_0, 0;
T_28.1 ;
    %jmp T_28;
    .thread T_28, $push;
    .scope S_0x561b2fb21840;
T_29 ;
    %wait E_0x561b2fb21a80;
    %load/vec4 v0x561b2fb21b00_0;
    %pad/u 32;
    %cmpi/e 0, 0, 32;
    %jmp/0xz  T_29.0, 4;
    %load/vec4 v0x561b2fb21bc0_0;
    %assign/vec4 v0x561b2fb21d50_0, 0;
    %jmp T_29.1;
T_29.0 ;
    %load/vec4 v0x561b2fb21c80_0;
    %assign/vec4 v0x561b2fb21d50_0, 0;
T_29.1 ;
    %jmp T_29;
    .thread T_29, $push;
    .scope S_0x561b2fb21ec0;
T_30 ;
    %wait E_0x561b2fb22100;
    %load/vec4 v0x561b2fb22180_0;
    %pad/u 32;
    %cmpi/e 0, 0, 32;
    %jmp/0xz  T_30.0, 4;
    %load/vec4 v0x561b2fb22240_0;
    %assign/vec4 v0x561b2fb223d0_0, 0;
    %jmp T_30.1;
T_30.0 ;
    %load/vec4 v0x561b2fb22300_0;
    %assign/vec4 v0x561b2fb223d0_0, 0;
T_30.1 ;
    %jmp T_30;
    .thread T_30, $push;
    .scope S_0x561b2fb22540;
T_31 ;
    %wait E_0x561b2fb22780;
    %load/vec4 v0x561b2fb22800_0;
    %pad/u 32;
    %cmpi/e 0, 0, 32;
    %jmp/0xz  T_31.0, 4;
    %load/vec4 v0x561b2fb228c0_0;
    %assign/vec4 v0x561b2fb22a50_0, 0;
    %jmp T_31.1;
T_31.0 ;
    %load/vec4 v0x561b2fb22980_0;
    %assign/vec4 v0x561b2fb22a50_0, 0;
T_31.1 ;
    %jmp T_31;
    .thread T_31, $push;
# The file index is used to find the file name in the following table.
:file_names 4;
    "N/A";
    "<interactive>";
    "mux32bitsel.v";
    "./mux2to1.v";
